<?xml version="1.0" encoding="UTF-8"?>
<!-- Generated by org.testng.reporters.JUnitXMLReporter -->
<testsuite ignored="0" hostname="IN-PG02NMCV" failures="0" tests="3" name="Default test" time="20.13" errors="0" timestamp="2023-08-15T13:30:22 IST">
  <testcase classname="devopsDemo.LaunchBrowser" name="myTest" time="0.008"/>
  <testcase classname="devopsDemo.LaunchBrowser" name="myTest2" time="20.081"/>
  <testcase classname="devopsDemo.LaunchBrowser" name="myTest3" time="0.002"/>
</testsuite> <!-- Default test -->
